<?xml version="1.0" encoding="UTF-8"?>
<testsuite xmlns:xsi="http://www.w3.org/2001/XMLSchema-instance" xsi:noNamespaceSchemaLocation="https://maven.apache.org/surefire/maven-surefire-plugin/xsd/surefire-test-report.xsd" name="org.example.AppTest" time="0.06" tests="1" errors="0" skipped="0" failures="0">
  <properties>
    <property name="sun.desktop" value="windows"/>
    <property name="awt.toolkit" value="sun.awt.windows.WToolkit"/>
    <property name="java.specification.version" value="11"/>
    <property name="sun.cpu.isalist" value="amd64"/>
    <property name="sun.jnu.encoding" value="Cp1252"/>
    <property name="java.class.path" value="C:\Users\zdenek\Documents\NetworkEshop\Client\target\test-classes;C:\Users\zdenek\Documents\NetworkEshop\Client\target\classes;C:\Users\zdenek\.m2\repository\junit\junit\4.11\junit-4.11.jar;C:\Users\zdenek\.m2\repository\org\hamcrest\hamcrest-core\1.3\hamcrest-core-1.3.jar;C:\Users\zdenek\.m2\repository\org\openjfx\javafx-base\13-ea+14b\javafx-base-13-ea+14b.jar;C:\Users\zdenek\.m2\repository\org\openjfx\javafx-base\13-ea+14b\javafx-base-13-ea+14b-win.jar;C:\Users\zdenek\.m2\repository\org\openjfx\javafx-graphics\13-ea+14b\javafx-graphics-13-ea+14b.jar;C:\Users\zdenek\.m2\repository\org\openjfx\javafx-graphics\13-ea+14b\javafx-graphics-13-ea+14b-win.jar;C:\Users\zdenek\.m2\repository\org\openjfx\javafx-controls\13-ea+14b\javafx-controls-13-ea+14b.jar;C:\Users\zdenek\.m2\repository\org\openjfx\javafx-controls\13-ea+14b\javafx-controls-13-ea+14b-win.jar;C:\Users\zdenek\.m2\repository\org\openjfx\javafx-media\13-ea+14b\javafx-media-13-ea+14b.jar;C:\Users\zdenek\.m2\repository\org\openjfx\javafx-media\13-ea+14b\javafx-media-13-ea+14b-win.jar;C:\Users\zdenek\.m2\repository\org\openjfx\javafx-fxml\13-ea+14b\javafx-fxml-13-ea+14b.jar;C:\Users\zdenek\.m2\repository\org\openjfx\javafx-fxml\13-ea+14b\javafx-fxml-13-ea+14b-win.jar;"/>
    <property name="java.vm.vendor" value="Amazon.com Inc."/>
    <property name="sun.arch.data.model" value="64"/>
    <property name="user.variant" value=""/>
    <property name="java.vendor.url" value="https://aws.amazon.com/corretto/"/>
    <property name="user.timezone" value="Europe/Prague"/>
    <property name="java.vm.specification.version" value="11"/>
    <property name="os.name" value="Windows 10"/>
    <property name="sun.java.launcher" value="SUN_STANDARD"/>
    <property name="user.country" value="CZ"/>
    <property name="sun.boot.library.path" value="C:\Program Files\Amazon Corretto\jdk11.0.4_10\bin"/>
    <property name="sun.java.command" value="C:\Users\zdenek\AppData\Local\Temp\surefire14450494606598891141\surefirebooter3597315595878054700.jar C:\Users\zdenek\AppData\Local\Temp\surefire14450494606598891141 2019-12-21T22-38-43_692-jvmRun1 surefire10152296480740020345tmp surefire_05332758059590960588tmp"/>
    <property name="jdk.debug" value="release"/>
    <property name="surefire.test.class.path" value="C:\Users\zdenek\Documents\NetworkEshop\Client\target\test-classes;C:\Users\zdenek\Documents\NetworkEshop\Client\target\classes;C:\Users\zdenek\.m2\repository\junit\junit\4.11\junit-4.11.jar;C:\Users\zdenek\.m2\repository\org\hamcrest\hamcrest-core\1.3\hamcrest-core-1.3.jar;C:\Users\zdenek\.m2\repository\org\openjfx\javafx-base\13-ea+14b\javafx-base-13-ea+14b.jar;C:\Users\zdenek\.m2\repository\org\openjfx\javafx-base\13-ea+14b\javafx-base-13-ea+14b-win.jar;C:\Users\zdenek\.m2\repository\org\openjfx\javafx-graphics\13-ea+14b\javafx-graphics-13-ea+14b.jar;C:\Users\zdenek\.m2\repository\org\openjfx\javafx-graphics\13-ea+14b\javafx-graphics-13-ea+14b-win.jar;C:\Users\zdenek\.m2\repository\org\openjfx\javafx-controls\13-ea+14b\javafx-controls-13-ea+14b.jar;C:\Users\zdenek\.m2\repository\org\openjfx\javafx-controls\13-ea+14b\javafx-controls-13-ea+14b-win.jar;C:\Users\zdenek\.m2\repository\org\openjfx\javafx-media\13-ea+14b\javafx-media-13-ea+14b.jar;C:\Users\zdenek\.m2\repository\org\openjfx\javafx-media\13-ea+14b\javafx-media-13-ea+14b-win.jar;C:\Users\zdenek\.m2\repository\org\openjfx\javafx-fxml\13-ea+14b\javafx-fxml-13-ea+14b.jar;C:\Users\zdenek\.m2\repository\org\openjfx\javafx-fxml\13-ea+14b\javafx-fxml-13-ea+14b-win.jar;"/>
    <property name="sun.cpu.endian" value="little"/>
    <property name="user.home" value="C:\Users\zdenek"/>
    <property name="user.language" value="cs"/>
    <property name="java.specification.vendor" value="Oracle Corporation"/>
    <property name="java.version.date" value="2019-07-16"/>
    <property name="java.home" value="C:\Program Files\Amazon Corretto\jdk11.0.4_10"/>
    <property name="file.separator" value="\"/>
    <property name="basedir" value="C:\Users\zdenek\Documents\NetworkEshop\Client"/>
    <property name="java.vm.compressedOopsMode" value="Zero based"/>
    <property name="line.separator" value="&#10;"/>
    <property name="idea.version2019.2.4" value="true"/>
    <property name="java.specification.name" value="Java Platform API Specification"/>
    <property name="java.vm.specification.vendor" value="Oracle Corporation"/>
    <property name="java.awt.graphicsenv" value="sun.awt.Win32GraphicsEnvironment"/>
    <property name="surefire.real.class.path" value="C:\Users\zdenek\AppData\Local\Temp\surefire14450494606598891141\surefirebooter3597315595878054700.jar"/>
    <property name="user.script" value=""/>
    <property name="sun.management.compiler" value="HotSpot 64-Bit Tiered Compilers"/>
    <property name="java.runtime.version" value="11.0.4+11-LTS"/>
    <property name="user.name" value="zdenek"/>
    <property name="path.separator" value=";"/>
    <property name="os.version" value="10.0"/>
    <property name="java.runtime.name" value="OpenJDK Runtime Environment"/>
    <property name="file.encoding" value="Cp1252"/>
    <property name="java.vm.name" value="OpenJDK 64-Bit Server VM"/>
    <property name="java.vendor.version" value="Corretto-11.0.4.11.1"/>
    <property name="localRepository" value="C:\Users\zdenek\.m2\repository"/>
    <property name="java.vendor.url.bug" value="https://github.com/corretto/corretto-11/issues/"/>
    <property name="java.io.tmpdir" value="C:\Users\zdenek\AppData\Local\Temp\"/>
    <property name="java.version" value="11.0.4"/>
    <property name="user.dir" value="C:\Users\zdenek\Documents\NetworkEshop\Client"/>
    <property name="os.arch" value="amd64"/>
    <property name="java.vm.specification.name" value="Java Virtual Machine Specification"/>
    <property name="java.awt.printerjob" value="sun.awt.windows.WPrinterJob"/>
    <property name="sun.os.patch.level" value=""/>
    <property name="java.library.path" value="C:\Program Files\Amazon Corretto\jdk11.0.4_10\bin;C:\WINDOWS\Sun\Java\bin;C:\WINDOWS\system32;C:\WINDOWS;C:\Program Files\Amazon Corretto\jdk11.0.4_10\bin;C:\Program Files (x86)\Common Files\Oracle\Java\javapath;C:\WINDOWS\system32;C:\WINDOWS;C:\WINDOWS\System32\Wbem;C:\WINDOWS\System32\WindowsPowerShell\v1.0\;C:\WINDOWS\System32\OpenSSH\;C:\Program Files\Git\cmd;C:\Program Files\nodejs\;C:\Qt\5.13.0\mingw73_64\bin;C:\Qt\5.13.0\mingw73_32\bin;C:\Program Files\SourceGear\Common\DiffMerge\;C:\Program Files\dotnet\;C:\Program Files\Microsoft SQL Server\130\Tools\Binn\;C:\Program Files\Microsoft SQL Server\Client SDK\ODBC\170\Tools\Binn\;C:\WINDOWS\system32\config\systemprofile\AppData\Roaming\npm;C:\Users\zdenek\AppData\Local\Programs\Python\Python37\Scripts\;C:\Users\zdenek\AppData\Local\Programs\Python\Python37\;C:\Program Files\MySQL\MySQL Shell 8.0\bin\;C:\Users\zdenek\AppData\Local\Programs\Microsoft VS Code\bin;C:\Program Files\PostgreSQL\11\bin;C:\Program Files\heroku\bin;C:\Users\zdenek\AppData\Roaming\npm;;C:\Users\zdenek\AppData\Local\Microsoft\WindowsApps;."/>
    <property name="java.vendor" value="Amazon.com Inc."/>
    <property name="java.vm.info" value="mixed mode"/>
    <property name="java.vm.version" value="11.0.4+11-LTS"/>
    <property name="sun.io.unicode.encoding" value="UnicodeLittle"/>
    <property name="java.class.version" value="55.0"/>
  </properties>
  <testcase name="shouldAnswerWithTrue" classname="org.example.AppTest" time="0.002"/>
</testsuite>